The system is: Windows - 10.0.19044 - AMD64
Compiling the C compiler identification source file "CMakeCCompilerId.c" succeeded.
Compiler: D:/vs/community/VC/Tools/MSVC/14.24.28314/bin/HostX64/x64/cl.exe 
Build flags: 
Id flags:  

The output was:
0
Оптимизирующий компилятор Microsoft (R) C/C++ версии 19.24.28316 для x64
(C) Корпорация Майкрософт (Microsoft Corporation).  Все права защищены.

CMakeCCompilerId.c
Microsoft (R) Incremental Linker Version 14.24.28316.0
Copyright (C) Microsoft Corporation.  All rights reserved.

/out:CMakeCCompilerId.exe 
CMakeCCompilerId.obj 


Compilation of the C compiler identification source "CMakeCCompilerId.c" produced "CMakeCCompilerId.exe"

Compilation of the C compiler identification source "CMakeCCompilerId.c" produced "CMakeCCompilerId.obj"

The C compiler identification is MSVC, found in "C:/Users/Contarr/Desktop/cpp-teaching-main/vector/bigint/out/build/x64-Debug/CMakeFiles/3.15.19101501-MSVC_2/CompilerIdC/CMakeCCompilerId.exe"

Compiling the CXX compiler identification source file "CMakeCXXCompilerId.cpp" succeeded.
Compiler: D:/vs/community/VC/Tools/MSVC/14.24.28314/bin/HostX64/x64/cl.exe 
Build flags: 
Id flags:  

The output was:
0
Оптимизирующий компилятор Microsoft (R) C/C++ версии 19.24.28316 для x64
(C) Корпорация Майкрософт (Microsoft Corporation).  Все права защищены.

CMakeCXXCompilerId.cpp
Microsoft (R) Incremental Linker Version 14.24.28316.0
Copyright (C) Microsoft Corporation.  All rights reserved.

/out:CMakeCXXCompilerId.exe 
CMakeCXXCompilerId.obj 


Compilation of the CXX compiler identification source "CMakeCXXCompilerId.cpp" produced "CMakeCXXCompilerId.exe"

Compilation of the CXX compiler identification source "CMakeCXXCompilerId.cpp" produced "CMakeCXXCompilerId.obj"

The CXX compiler identification is MSVC, found in "C:/Users/Contarr/Desktop/cpp-teaching-main/vector/bigint/out/build/x64-Debug/CMakeFiles/3.15.19101501-MSVC_2/CompilerIdCXX/CMakeCXXCompilerId.exe"

Determining if the C compiler works passed with the following output:
Change Dir: C:/Users/Contarr/Desktop/cpp-teaching-main/vector/bigint/out/build/x64-Debug/CMakeFiles/CMakeTmp

Run Build Command(s):D:\VS\COMMUNITY\COMMON7\IDE\COMMONEXTENSIONS\MICROSOFT\CMAKE\Ninja\ninja.exe cmTC_73158 && [1/2] Building C object CMakeFiles\cmTC_73158.dir\testCCompiler.c.obj
[2/2] Linking C executable cmTC_73158.exe



Detecting C compiler ABI info compiled with the following output:
Change Dir: C:/Users/Contarr/Desktop/cpp-teaching-main/vector/bigint/out/build/x64-Debug/CMakeFiles/CMakeTmp

Run Build Command(s):D:\VS\COMMUNITY\COMMON7\IDE\COMMONEXTENSIONS\MICROSOFT\CMAKE\Ninja\ninja.exe cmTC_f0c4e && [1/2] Building C object CMakeFiles\cmTC_f0c4e.dir\CMakeCCompilerABI.c.obj
Примечание: включение файла:  D:\vs\community\Common7\IDE\CommonExtensions\Microsoft\CMake\CMake\share\cmake-3.15\Modules\CMakeCompilerABI.h
[2/2] Linking C executable cmTC_f0c4e.exe



Determining if the CXX compiler works passed with the following output:
Change Dir: C:/Users/Contarr/Desktop/cpp-teaching-main/vector/bigint/out/build/x64-Debug/CMakeFiles/CMakeTmp

Run Build Command(s):D:\VS\COMMUNITY\COMMON7\IDE\COMMONEXTENSIONS\MICROSOFT\CMAKE\Ninja\ninja.exe cmTC_eebd9 && [1/2] Building CXX object CMakeFiles\cmTC_eebd9.dir\testCXXCompiler.cxx.obj
[2/2] Linking CXX executable cmTC_eebd9.exe



Detecting CXX compiler ABI info compiled with the following output:
Change Dir: C:/Users/Contarr/Desktop/cpp-teaching-main/vector/bigint/out/build/x64-Debug/CMakeFiles/CMakeTmp

Run Build Command(s):D:\VS\COMMUNITY\COMMON7\IDE\COMMONEXTENSIONS\MICROSOFT\CMAKE\Ninja\ninja.exe cmTC_00e27 && [1/2] Building CXX object CMakeFiles\cmTC_00e27.dir\CMakeCXXCompilerABI.cpp.obj
Примечание: включение файла:  D:\vs\community\Common7\IDE\CommonExtensions\Microsoft\CMake\CMake\share\cmake-3.15\Modules\CMakeCompilerABI.h
[2/2] Linking CXX executable cmTC_00e27.exe



